[29Nov2024 00:00:04.605] [Server thread/INFO] [net.minecraft.server.MinecraftServer/]: [Tablos: The difficulty has been set to Easy]
[29Nov2024 00:00:21.107] [Server thread/INFO] [net.minecraft.server.MinecraftServer/]: [Tablos: Set own game mode to Creative Mode]
[29Nov2024 00:00:28.353] [Server thread/INFO] [net.minecraft.server.MinecraftServer/]: [Tablos: Teleported Osuna to Tablos]
[29Nov2024 00:00:52.218] [Server thread/INFO] [net.minecraft.server.MinecraftServer/]: Osuna was shot by Skeleton
[29Nov2024 00:01:09.962] [Server thread/INFO] [net.minecraft.server.MinecraftServer/]: [Tablos: Teleported Osuna to Tablos]
[29Nov2024 00:01:29.507] [Server thread/INFO] [net.minecraft.server.MinecraftServer/]: [Tablos: Set own game mode to Survival Mode]
[29Nov2024 00:01:49.959] [Server thread/WARN] [waterframes/]: Server seems overloading, jumping 2064ms or 41 ticks
[29Nov2024 00:02:35.506] [Server thread/INFO] [net.minecraft.server.MinecraftServer/]: Tablos has made the advancement [It Belongs in a Museum]
[29Nov2024 00:02:38.104] [Server thread/INFO] [net.minecraft.server.MinecraftServer/]: Tablos has made the advancement [Once Upon a Cave]
[29Nov2024 00:03:47.467] [Server thread/INFO] [net.minecraft.server.MinecraftServer/]: [Tablos: Teleported Osuna to Tablos]
[29Nov2024 00:05:13.916] [Server thread/INFO] [net.minecraft.server.MinecraftServer/]: [Tablos: Teleported Osuna to Tablos]
[29Nov2024 00:07:43.626] [Server thread/INFO] [net.minecraft.server.MinecraftServer/]: [Tablos: The difficulty has been set to Hard]
[29Nov2024 00:10:11.856] [Server thread/INFO] [net.minecraft.server.MinecraftServer/]: Osuna was slain by Zombie
[29Nov2024 00:10:38.961] [Server thread/INFO] [net.minecraft.server.MinecraftServer/]: [Tablos: Teleported Osuna to Tablos]
[29Nov2024 00:10:48.470] [Server thread/INFO] [net.minecraft.server.MinecraftServer/]: [Tablos: Teleported Osuna to Tablos]
[29Nov2024 00:10:49.264] [Server thread/INFO] [net.minecraft.server.MinecraftServer/]: [Tablos: Teleported Osuna to Tablos]
[29Nov2024 00:11:07.060] [Server thread/INFO] [net.minecraft.server.MinecraftServer/]: [Tablos: Teleported Osuna to Tablos]
[29Nov2024 00:11:55.824] [Server thread/INFO] [net.minecraft.server.MinecraftServer/]: [Tablos: The difficulty has been set to Peaceful]
[29Nov2024 00:12:41.527] [Server thread/INFO] [net.minecraft.server.MinecraftServer/]: [Tablos: Set own game mode to Creative Mode]
[29Nov2024 00:12:50.501] [Server thread/INFO] [net.minecraft.server.MinecraftServer/]: [Tablos: Teleported Osuna to Tablos]
[29Nov2024 00:12:53.347] [Server thread/INFO] [net.minecraft.server.MinecraftServer/]: [Tablos: Set own game mode to Survival Mode]
[29Nov2024 00:13:18.748] [Server thread/INFO] [net.minecraft.server.MinecraftServer/]: Tablos has made the advancement [Alex's Caves]
[29Nov2024 00:14:01.311] [Server thread/INFO] [net.minecraft.server.MinecraftServer/]: [Tablos: Set own game mode to Creative Mode]
[29Nov2024 00:15:45.153] [Server thread/INFO] [net.minecraft.server.MinecraftServer/]: [Tablos: Set own game mode to Survival Mode]
[29Nov2024 00:16:06.808] [Server thread/INFO] [net.minecraft.server.MinecraftServer/]: Osuna has made the advancement [Alex's Caves]
[29Nov2024 00:16:34.007] [Server thread/INFO] [net.minecraft.server.MinecraftServer/]: [Tablos: Set own game mode to Spectator Mode]
[29Nov2024 00:17:01.658] [Server thread/INFO] [net.minecraft.server.MinecraftServer/]: [Tablos: Set own game mode to Survival Mode]
[29Nov2024 00:17:15.258] [Server thread/INFO] [net.minecraft.server.MinecraftServer/]: [Tablos: Set own game mode to Spectator Mode]
[29Nov2024 00:17:40.276] [Server thread/INFO] [net.minecraft.server.MinecraftServer/]: [Tablos: Set own game mode to Survival Mode]
[29Nov2024 00:17:45.116] [Server thread/INFO] [net.minecraft.server.MinecraftServer/]: [Tablos: Set own game mode to Spectator Mode]
[29Nov2024 00:18:08.768] [Server thread/INFO] [net.minecraft.server.MinecraftServer/]: [Tablos: Set own game mode to Survival Mode]
[29Nov2024 00:18:30.164] [Server thread/INFO] [net.minecraft.server.MinecraftServer/]: Tablos has made the advancement [Chest Slayer]
[29Nov2024 00:19:01.864] [Server thread/INFO] [net.minecraft.server.MinecraftServer/]: [Tablos: Set own game mode to Spectator Mode]
[29Nov2024 00:19:27.053] [Server thread/INFO] [net.minecraft.server.MinecraftServer/]: [Tablos: Set own game mode to Survival Mode]
[29Nov2024 00:19:55.414] [Server thread/INFO] [net.minecraft.server.MinecraftServer/]: [Tablos: Set own game mode to Spectator Mode]
[29Nov2024 00:19:56.546] [Server thread/WARN] [waterframes/]: Server seems overloading, jumping 2100ms or 42 ticks
[29Nov2024 00:20:18.372] [Server thread/INFO] [net.minecraft.server.MinecraftServer/]: [Tablos: Set own game mode to Survival Mode]
[29Nov2024 00:21:05.205] [Server thread/INFO] [net.minecraft.server.MinecraftServer/]: [Tablos: Set own game mode to Creative Mode]
[29Nov2024 00:21:07.221] [Server thread/INFO] [net.minecraft.server.MinecraftServer/]: [Tablos: Set own game mode to Survival Mode]
[29Nov2024 00:21:11.322] [Server thread/INFO] [net.minecraft.server.MinecraftServer/]: [Tablos: Set own game mode to Spectator Mode]
[29Nov2024 00:22:53.783] [Server thread/INFO] [net.minecraft.server.MinecraftServer/]: [Tablos: Set own game mode to Survival Mode]
[29Nov2024 00:22:58.911] [Server thread/INFO] [net.minecraft.server.MinecraftServer/]: [Tablos: Teleported Osuna to Tablos]
[29Nov2024 00:23:22.556] [Server thread/INFO] [net.minecraft.server.network.ServerGamePacketListenerImpl/]: Osuna lost connection: Disconnected
[29Nov2024 00:23:22.557] [Server thread/INFO] [net.minecraft.server.MinecraftServer/]: Osuna left the game
[29Nov2024 00:24:58.506] [Server thread/INFO] [net.minecraft.server.MinecraftServer/]: [Tablos: Gave 200 experience points to Tablos]
[29Nov2024 00:25:00.211] [Server thread/INFO] [net.minecraft.server.MinecraftServer/]: [Tablos: Gave 200 experience points to Tablos]
[29Nov2024 00:25:00.756] [Server thread/INFO] [net.minecraft.server.MinecraftServer/]: [Tablos: Gave 200 experience points to Tablos]
[29Nov2024 00:25:01.251] [Server thread/INFO] [net.minecraft.server.MinecraftServer/]: [Tablos: Gave 200 experience points to Tablos]
[29Nov2024 00:25:01.648] [Server thread/INFO] [net.minecraft.server.MinecraftServer/]: [Tablos: Gave 200 experience points to Tablos]
[29Nov2024 00:25:02.008] [Server thread/INFO] [net.minecraft.server.MinecraftServer/]: [Tablos: Gave 200 experience points to Tablos]
[29Nov2024 00:25:02.302] [Server thread/INFO] [net.minecraft.server.MinecraftServer/]: [Tablos: Gave 200 experience points to Tablos]
[29Nov2024 00:25:04.518] [Server thread/INFO] [net.minecraft.server.MinecraftServer/]: [Tablos: Gave 2000 experience points to Tablos]
[29Nov2024 00:25:06.052] [Server thread/INFO] [net.minecraft.server.MinecraftServer/]: [Tablos: Gave 2000 experience points to Tablos]
[29Nov2024 00:27:45.650] [Server thread/INFO] [net.minecraft.server.network.ServerGamePacketListenerImpl/]: Tablos lost connection: Disconnected
[29Nov2024 00:27:45.651] [Server thread/INFO] [net.minecraft.server.MinecraftServer/]: Tablos left the game
[29Nov2024 00:27:45.706] [Server thread/WARN] [net.minecraft.network.Connection/]: handleDisconnection() called twice
[29Nov2024 00:30:28.985] [Server thread/INFO] [net.minecraft.server.MinecraftServer/]: Stopping the server
[29Nov2024 00:30:29.035] [Server thread/INFO] [net.minecraft.server.MinecraftServer/]: Stopping server
[29Nov2024 00:30:29.036] [Server thread/INFO] [net.minecraft.server.MinecraftServer/]: Saving players
[29Nov2024 00:30:29.036] [Server thread/INFO] [net.minecraft.server.MinecraftServer/]: Saving worlds
[29Nov2024 00:30:29.134] [Server thread/INFO] [net.minecraft.server.MinecraftServer/]: Saving chunks for level 'ServerLevel[world]'/minecraft:overworld
[29Nov2024 00:30:29.307] [Server thread/INFO] [net.minecraft.server.MinecraftServer/]: Saving chunks for level 'ServerLevel[world]'/minecraft:the_end
[29Nov2024 00:30:29.309] [Server thread/INFO] [net.minecraft.server.MinecraftServer/]: Saving chunks for level 'ServerLevel[world]'/graveyard:past
[29Nov2024 00:30:29.309] [Server thread/INFO] [net.minecraft.server.MinecraftServer/]: Saving chunks for level 'ServerLevel[world]'/the_bumblezone:the_bumblezone
[29Nov2024 00:30:29.310] [Server thread/INFO] [net.minecraft.server.MinecraftServer/]: Saving chunks for level 'ServerLevel[world]'/minecraft:the_nether
[29Nov2024 00:30:29.466] [Server thread/INFO] [net.minecraft.server.MinecraftServer/]: ThreadedAnvilChunkStorage (world): All chunks are saved
[29Nov2024 00:30:29.467] [Server thread/INFO] [net.minecraft.server.MinecraftServer/]: ThreadedAnvilChunkStorage (DIM1): All chunks are saved
[29Nov2024 00:30:29.467] [Server thread/INFO] [net.minecraft.server.MinecraftServer/]: ThreadedAnvilChunkStorage (past): All chunks are saved
[29Nov2024 00:30:29.467] [Server thread/INFO] [net.minecraft.server.MinecraftServer/]: ThreadedAnvilChunkStorage (the_bumblezone): All chunks are saved
[29Nov2024 00:30:29.467] [Server thread/INFO] [net.minecraft.server.MinecraftServer/]: ThreadedAnvilChunkStorage (DIM-1): All chunks are saved
[29Nov2024 00:30:29.467] [Server thread/INFO] [net.minecraft.server.MinecraftServer/]: ThreadedAnvilChunkStorage: All dimensions are saved
[29Nov2024 00:30:29.499] [Server thread/INFO] [Framework/]: Unloading server configs...
[29Nov2024 00:30:29.500] [Server thread/INFO] [Framework/]: Sending config unload event for refurbished_furniture.server.toml
[29Nov2024 00:30:29.502] [Server thread/INFO] [Framework/]: Sending config unload event for goblintraders-entities.toml
[29Nov2024 00:30:29.504] [Server thread/INFO] [journeymap/]: Loading JourneyMap Forge Configs
